2026-01-26T17:18:16.058+05:30  INFO 11176 --- [order-service] [main] ecommerce.order.OrderApplication         : Starting OrderApplication using Java 24.0.2 with PID 11176 (C:\Users\abdul\OneDrive\Desktop\Java\E-COMMERCE\Mircoservices\order\target\classes started by abdul in C:\Users\abdul\OneDrive\Desktop\Java\E-COMMERCE\Mircoservices)
2026-01-26T17:18:16.065+05:30  INFO 11176 --- [order-service] [main] ecommerce.order.OrderApplication         : No active profile set, falling back to 1 default profile: "default"
2026-01-26T17:18:17.505+05:30  INFO 11176 --- [order-service] [main] .s.d.r.c.RepositoryConfigurationDelegate : Bootstrapping Spring Data JPA repositories in DEFAULT mode.
2026-01-26T17:18:17.729+05:30  INFO 11176 --- [order-service] [main] .s.d.r.c.RepositoryConfigurationDelegate : Finished Spring Data repository scanning in 204 ms. Found 2 JPA repository interfaces.
2026-01-26T17:18:18.288+05:30  INFO 11176 --- [order-service] [main] o.s.cloud.context.scope.GenericScope     : BeanFactory id=d560646b-c5ae-36a2-a02e-b5c9d8cb4c98
2026-01-26T17:18:19.015+05:30  INFO 11176 --- [order-service] [main] o.s.boot.tomcat.TomcatWebServer          : Tomcat initialized with port 8083 (http)
2026-01-26T17:18:19.033+05:30  INFO 11176 --- [order-service] [main] o.apache.catalina.core.StandardService   : Starting service [Tomcat]
2026-01-26T17:18:19.033+05:30  INFO 11176 --- [order-service] [main] o.apache.catalina.core.StandardEngine    : Starting Servlet engine: [Apache Tomcat/11.0.15]
2026-01-26T17:18:19.134+05:30  INFO 11176 --- [order-service] [main] b.w.c.s.WebApplicationContextInitializer : Root WebApplicationContext: initialization completed in 2979 ms
2026-01-26T17:18:19.419+05:30  INFO 11176 --- [order-service] [main] org.hibernate.orm.jpa                    : HHH008540: Processing PersistenceUnitInfo [name: default]
2026-01-26T17:18:19.495+05:30  INFO 11176 --- [order-service] [main] org.hibernate.orm.core                   : HHH000001: Hibernate ORM core version 7.2.0.Final
2026-01-26T17:18:20.124+05:30  INFO 11176 --- [order-service] [main] o.s.o.j.p.SpringPersistenceUnitInfo      : No LoadTimeWeaver setup: ignoring JPA class transformer
2026-01-26T17:18:20.161+05:30  INFO 11176 --- [order-service] [main] com.zaxxer.hikari.HikariDataSource       : HikariPool-1 - Starting...
2026-01-26T17:18:20.384+05:30  INFO 11176 --- [order-service] [main] com.zaxxer.hikari.pool.HikariPool        : HikariPool-1 - Added connection org.postgresql.jdbc.PgConnection@61e0f9b9
2026-01-26T17:18:20.386+05:30  INFO 11176 --- [order-service] [main] com.zaxxer.hikari.HikariDataSource       : HikariPool-1 - Start completed.
2026-01-26T17:18:20.447+05:30  WARN 11176 --- [order-service] [main] org.hibernate.orm.deprecation            : HHH90000025: PostgreSQLDialect does not need to be specified explicitly using 'hibernate.dialect' (remove the property setting and it will be selected by default)
2026-01-26T17:18:20.485+05:30  INFO 11176 --- [order-service] [main] org.hibernate.orm.connections.pooling    : HHH10001005: Database info:
	Database JDBC URL [jdbc:postgresql://localhost:5432/order?options=-c%20TimeZone=Asia/Kolkata]
	Database driver: PostgreSQL JDBC Driver
	Database dialect: PostgreSQLDialect
	Database version: 14.20
	Default catalog/schema: order/public
	Autocommit mode: undefined/unknown
	Isolation level: READ_COMMITTED [default READ_COMMITTED]
	JDBC fetch size: none
	Pool: DataSourceConnectionProvider
	Minimum pool size: undefined/unknown
	Maximum pool size: undefined/unknown
2026-01-26T17:18:21.619+05:30  INFO 11176 --- [order-service] [main] org.hibernate.orm.core                   : HHH000489: No JTA platform available (set 'hibernate.transaction.jta.platform' to enable JTA platform integration)
2026-01-26T17:18:21.740+05:30  INFO 11176 --- [order-service] [main] j.LocalContainerEntityManagerFactoryBean : Initialized JPA EntityManagerFactory for persistence unit 'default'
2026-01-26T17:18:21.845+05:30  INFO 11176 --- [order-service] [main] o.s.d.j.r.query.QueryEnhancerFactories   : Hibernate is in classpath; If applicable, HQL parser will be used.
2026-01-26T17:18:22.501+05:30  WARN 11176 --- [order-service] [main] JpaBaseConfiguration$JpaWebConfiguration : spring.jpa.open-in-view is enabled by default. Therefore, database queries may be performed during view rendering. Explicitly configure spring.jpa.open-in-view to disable this warning
2026-01-26T17:18:23.014+05:30  INFO 11176 --- [order-service] [main] DiscoveryClientOptionalArgsConfiguration : Eureka HTTP Client uses RestClient.
2026-01-26T17:18:23.080+05:30  WARN 11176 --- [order-service] [main] iguration$LoadBalancerCaffeineWarnLogger : Spring Cloud LoadBalancer is currently working with the default cache. While this cache implementation is useful for development and tests, it's recommended to use Caffeine cache in production.You can switch to using Caffeine cache, by adding it and org.springframework.cache.caffeine.CaffeineCacheManager to the classpath.
2026-01-26T17:18:23.115+05:30  INFO 11176 --- [order-service] [main] o.s.c.n.eureka.InstanceInfoFactory       : Setting initial instance status as: STARTING
2026-01-26T17:18:23.149+05:30  INFO 11176 --- [order-service] [main] com.netflix.discovery.DiscoveryClient    : Initializing Eureka in region us-east-1
2026-01-26T17:18:23.153+05:30  INFO 11176 --- [order-service] [main] c.n.d.s.r.aws.ConfigClusterResolver      : Resolving eureka endpoints via configuration
2026-01-26T17:18:23.166+05:30  INFO 11176 --- [order-service] [main] com.netflix.discovery.DiscoveryClient    : Disable delta property : false
2026-01-26T17:18:23.166+05:30  INFO 11176 --- [order-service] [main] com.netflix.discovery.DiscoveryClient    : Single vip registry refresh property : null
2026-01-26T17:18:23.166+05:30  INFO 11176 --- [order-service] [main] com.netflix.discovery.DiscoveryClient    : Force full registry fetch : false
2026-01-26T17:18:23.166+05:30  INFO 11176 --- [order-service] [main] com.netflix.discovery.DiscoveryClient    : Application is null : false
2026-01-26T17:18:23.166+05:30  INFO 11176 --- [order-service] [main] com.netflix.discovery.DiscoveryClient    : Registered Applications size is zero : true
2026-01-26T17:18:23.166+05:30  INFO 11176 --- [order-service] [main] com.netflix.discovery.DiscoveryClient    : Application version is -1: true
2026-01-26T17:18:23.167+05:30  INFO 11176 --- [order-service] [main] com.netflix.discovery.DiscoveryClient    : Getting all instance registry info from the eureka server
2026-01-26T17:18:23.564+05:30  INFO 11176 --- [order-service] [main] com.netflix.discovery.DiscoveryClient    : The response status is 200
2026-01-26T17:18:23.565+05:30  INFO 11176 --- [order-service] [main] com.netflix.discovery.DiscoveryClient    : Starting heartbeat executor: renew interval is: 30
2026-01-26T17:18:23.567+05:30  INFO 11176 --- [order-service] [main] c.n.discovery.InstanceInfoReplicator     : InstanceInfoReplicator onDemand update allowed rate per min is 4
2026-01-26T17:18:23.569+05:30  INFO 11176 --- [order-service] [main] com.netflix.discovery.DiscoveryClient    : Discovery Client initialized at timestamp 1769428103568 with initial instances count: 0
2026-01-26T17:18:23.573+05:30  INFO 11176 --- [order-service] [main] o.s.c.n.e.s.EurekaServiceRegistry        : Registering application ORDER-SERVICE with eureka with status UP
2026-01-26T17:18:23.575+05:30  INFO 11176 --- [order-service] [main] com.netflix.discovery.DiscoveryClient    : Saw local status change event StatusChangeEvent [timestamp=1769428103575, current=UP, previous=STARTING]
2026-01-26T17:18:23.577+05:30  INFO 11176 --- [order-service] [DiscoveryClient-InstanceInfoReplicator-%d] com.netflix.discovery.DiscoveryClient    : DiscoveryClient_ORDER-SERVICE/Abdul-Hannan.mshome.net:order-service:8083: registering service...
2026-01-26T17:18:23.636+05:30  INFO 11176 --- [order-service] [main] o.s.boot.tomcat.TomcatWebServer          : Tomcat started on port 8083 (http) with context path '/'
2026-01-26T17:18:23.637+05:30  INFO 11176 --- [order-service] [main] .s.c.n.e.s.EurekaAutoServiceRegistration : Updating port to 8083
2026-01-26T17:18:23.659+05:30  INFO 11176 --- [order-service] [main] ecommerce.order.OrderApplication         : Started OrderApplication in 8.319 seconds (process running for 9.303)
2026-01-26T17:18:23.665+05:30  INFO 11176 --- [order-service] [DiscoveryClient-InstanceInfoReplicator-%d] com.netflix.discovery.DiscoveryClient    : DiscoveryClient_ORDER-SERVICE/Abdul-Hannan.mshome.net:order-service:8083 - registration status: 204
2026-01-26T17:18:53.566+05:30  INFO 11176 --- [order-service] [DiscoveryClient-CacheRefreshExecutor-%d] com.netflix.discovery.DiscoveryClient    : Disable delta property : false
2026-01-26T17:18:53.566+05:30  INFO 11176 --- [order-service] [DiscoveryClient-CacheRefreshExecutor-%d] com.netflix.discovery.DiscoveryClient    : Single vip registry refresh property : null
2026-01-26T17:18:53.566+05:30  INFO 11176 --- [order-service] [DiscoveryClient-CacheRefreshExecutor-%d] com.netflix.discovery.DiscoveryClient    : Force full registry fetch : false
2026-01-26T17:18:53.566+05:30  INFO 11176 --- [order-service] [DiscoveryClient-CacheRefreshExecutor-%d] com.netflix.discovery.DiscoveryClient    : Application is null : false
2026-01-26T17:18:53.567+05:30  INFO 11176 --- [order-service] [DiscoveryClient-CacheRefreshExecutor-%d] com.netflix.discovery.DiscoveryClient    : Registered Applications size is zero : true
2026-01-26T17:18:53.569+05:30  INFO 11176 --- [order-service] [DiscoveryClient-CacheRefreshExecutor-%d] com.netflix.discovery.DiscoveryClient    : Application version is -1: false
2026-01-26T17:18:53.569+05:30  INFO 11176 --- [order-service] [DiscoveryClient-CacheRefreshExecutor-%d] com.netflix.discovery.DiscoveryClient    : Getting all instance registry info from the eureka server
2026-01-26T17:18:53.620+05:30  INFO 11176 --- [order-service] [DiscoveryClient-CacheRefreshExecutor-%d] com.netflix.discovery.DiscoveryClient    : The response status is 200
2026-01-26T17:23:23.170+05:30  INFO 11176 --- [order-service] [AsyncResolver-bootstrap-executor-%d] c.n.d.s.r.aws.ConfigClusterResolver      : Resolving eureka endpoints via configuration
2026-01-26T18:22:33.666+05:30  WARN 11176 --- [order-service] [HikariPool-1:housekeeper] com.zaxxer.hikari.pool.HikariPool        : HikariPool-1 - Thread starvation or clock leap detected (housekeeper delta=56m13s101ms821µs500ns).
2026-01-26T18:24:25.215+05:30  INFO 11176 --- [order-service] [AsyncResolver-bootstrap-executor-%d] c.n.d.s.r.aws.ConfigClusterResolver      : Resolving eureka endpoints via configuration
2026-01-26T18:58:05.006+05:30  WARN 11176 --- [order-service] [HikariPool-1:housekeeper] com.zaxxer.hikari.pool.HikariPool        : HikariPool-1 - Thread starvation or clock leap detected (housekeeper delta=31m31s289ms502µs800ns).
2026-01-26T19:00:26.500+05:30  INFO 11176 --- [order-service] [AsyncResolver-bootstrap-executor-%d] c.n.d.s.r.aws.ConfigClusterResolver      : Resolving eureka endpoints via configuration
2026-01-26T19:05:26.504+05:30  INFO 11176 --- [order-service] [AsyncResolver-bootstrap-executor-%d] c.n.d.s.r.aws.ConfigClusterResolver      : Resolving eureka endpoints via configuration
2026-01-26T19:10:26.516+05:30  INFO 11176 --- [order-service] [AsyncResolver-bootstrap-executor-%d] c.n.d.s.r.aws.ConfigClusterResolver      : Resolving eureka endpoints via configuration
2026-01-26T19:15:26.521+05:30  INFO 11176 --- [order-service] [AsyncResolver-bootstrap-executor-%d] c.n.d.s.r.aws.ConfigClusterResolver      : Resolving eureka endpoints via configuration
2026-01-26T19:18:57.063+05:30  WARN 11176 --- [order-service] [HikariPool-1:housekeeper] com.zaxxer.hikari.pool.HikariPool        : HikariPool-1 - Thread starvation or clock leap detected (housekeeper delta=2m21s695ms522µs600ns).
2026-01-26T19:22:18.219+05:30  INFO 11176 --- [order-service] [AsyncResolver-bootstrap-executor-%d] c.n.d.s.r.aws.ConfigClusterResolver      : Resolving eureka endpoints via configuration
2026-01-26T19:27:05.183+05:30  WARN 11176 --- [order-service] [HikariPool-1:housekeeper] com.zaxxer.hikari.pool.HikariPool        : HikariPool-1 - Thread starvation or clock leap detected (housekeeper delta=1m38s10ms412µs800ns).
2026-01-26T19:28:40.133+05:30  INFO 11176 --- [order-service] [AsyncResolver-bootstrap-executor-%d] c.n.d.s.r.aws.ConfigClusterResolver      : Resolving eureka endpoints via configuration
2026-01-26T19:33:40.143+05:30  INFO 11176 --- [order-service] [AsyncResolver-bootstrap-executor-%d] c.n.d.s.r.aws.ConfigClusterResolver      : Resolving eureka endpoints via configuration
